Building DAG of jobs...
Using shell: /usr/bin/bash
Provided cores: 1 (use --cores to define parallelism)
Rules claiming more threads will be scaled down.
Conda environments: ignored
Job stats:
job              count
-------------  -------
all                  1
download             1
fastq_convert        1
total                3

Select jobs to execute...

[Tue Jun  3 16:47:34 2025]
rule download:
    output: results/sra/SRR2584863/SRR2584863.sra
    jobid: 2
    reason: Missing output files: results/sra/SRR2584863/SRR2584863.sra
    wildcards: sample=SRR2584863
    resources: tmpdir=/tmp

[Tue Jun  3 16:49:33 2025]
Finished job 2.
1 of 3 steps (33%) done
Select jobs to execute...

[Tue Jun  3 16:49:33 2025]
rule fastq_convert:
    input: results/sra/SRR2584863/SRR2584863.sra
    output: results/fastq/SRR2584863/SRR2584863_1.fastq, results/fastq/SRR2584863/SRR2584863_2.fastq
    jobid: 1
    reason: Missing output files: results/fastq/SRR2584863/SRR2584863_2.fastq, results/fastq/SRR2584863/SRR2584863_1.fastq; Input files updated by another job: results/sra/SRR2584863/SRR2584863.sra
    wildcards: sample=SRR2584863
    resources: tmpdir=/tmp

[Tue Jun  3 16:49:40 2025]
Finished job 1.
2 of 3 steps (67%) done
Select jobs to execute...

[Tue Jun  3 16:49:40 2025]
localrule all:
    input: results/fastq/SRR2584863/SRR2584863_1.fastq, results/fastq/SRR2584863/SRR2584863_2.fastq
    jobid: 0
    reason: Input files updated by another job: results/fastq/SRR2584863/SRR2584863_2.fastq, results/fastq/SRR2584863/SRR2584863_1.fastq
    resources: tmpdir=/tmp

[Tue Jun  3 16:49:40 2025]
Finished job 0.
3 of 3 steps (100%) done
Complete log: .snakemake/log/2025-06-03T164733.887675.snakemake.log
