Building DAG of jobs...
Using shell: /usr/bin/bash
Provided cores: 1 (use --cores to define parallelism)
Rules claiming more threads will be scaled down.
Job stats:
job         count
--------  -------
all             1
download        2
total           3

Select jobs to execute...

[Tue Jun  3 15:56:43 2025]
rule download:
    output: results/sra/GSM6744367.sra
    jobid: 2
    reason: Missing output files: results/sra/GSM6744367.sra
    wildcards: sra_file_name=GSM6744367
    resources: tmpdir=/tmp

Terminating processes on user request, this might take some time.
[Tue Jun  3 16:01:09 2025]
Error in rule download:
    jobid: 2
    output: results/sra/GSM6744367.sra
    shell:
        prefetch GSM6744367 -O results/sra/
        (one of the commands exited with non-zero exit code; note that snakemake uses bash strict mode!)

Complete log: .snakemake/log/2025-06-03T155643.365720.snakemake.log
