Building DAG of jobs...
Using shell: /usr/bin/bash
Provided cores: 1 (use --cores to define parallelism)
Rules claiming more threads will be scaled down.
Job stats:
job         count
--------  -------
all             1
download        1
total           2

Select jobs to execute...

[Tue Jun  3 16:24:16 2025]
rule download:
    output: results/sra/SRR2584863/SRR2584863.sra
    jobid: 1
    reason: Missing output files: results/sra/SRR2584863/SRR2584863.sra
    wildcards: sample=SRR2584863
    resources: tmpdir=/tmp

[Tue Jun  3 16:26:01 2025]
Finished job 1.
1 of 2 steps (50%) done
Select jobs to execute...

[Tue Jun  3 16:26:01 2025]
localrule all:
    input: results/sra/SRR2584863/SRR2584863.sra
    jobid: 0
    reason: Input files updated by another job: results/sra/SRR2584863/SRR2584863.sra
    resources: tmpdir=/tmp

[Tue Jun  3 16:26:01 2025]
Finished job 0.
2 of 2 steps (100%) done
Complete log: .snakemake/log/2025-06-03T162415.717040.snakemake.log
