Building DAG of jobs...
Using shell: /usr/bin/bash
Provided cores: 1 (use --cores to define parallelism)
Rules claiming more threads will be scaled down.
Conda environments: ignored
Job stats:
job         count
--------  -------
all             1
download        1
total           2

Select jobs to execute...

[Tue Jun  3 16:34:15 2025]
rule download:
    output: results/sra/SRR2584863/SRR2584863.sra
    jobid: 1
    reason: Missing output files: results/sra/SRR2584863/SRR2584863.sra
    wildcards: sample=SRR2584863
    resources: tmpdir=/tmp

WorkflowError:
Failed to open source file /data/rnaseq_pipe/rules/envs/sra.yaml
FileNotFoundError: [Errno 2] No such file or directory: '/data/rnaseq_pipe/rules/envs/sra.yaml'
Removing output files of failed job download since they might be corrupted:
results/sra/SRR2584863/SRR2584863.sra
Shutting down, this might take some time.
Exiting because a job execution failed. Look above for error message
Complete log: .snakemake/log/2025-06-03T163415.131007.snakemake.log
