Building DAG of jobs...
Using shell: /usr/bin/bash
Provided cores: 1 (use --cores to define parallelism)
Rules claiming more threads will be scaled down.
Job stats:
job         count
--------  -------
all             1
download        1
total           2

Select jobs to execute...

[Tue Jun  3 16:17:19 2025]
rule download:
    output: results/sra/SRR2584863/SRR2584863.sra
    jobid: 1
    reason: Missing output files: results/sra/SRR2584863/SRR2584863.sra
    wildcards: sample=SRR2584863
    resources: tmpdir=/tmp

[Tue Jun  3 16:17:19 2025]
Error in rule download:
    jobid: 1
    output: results/sra/SRR2584863/SRR2584863.sra
    shell:
        prefetch SRR2584863 -O results/sra/ --latency-wait 10
        (one of the commands exited with non-zero exit code; note that snakemake uses bash strict mode!)

Shutting down, this might take some time.
Exiting because a job execution failed. Look above for error message
Complete log: .snakemake/log/2025-06-03T161718.935508.snakemake.log
